<?xml version="1.0" encoding="UTF-8"?>
<robot generator="Robot 4.1 (Python 3.8.3 on darwin)" generated="20210915 21:41:19.917" rpa="false" schemaversion="2">
<suite id="s1" name="Full Regression" source="/Users/beta/MimiTest/Tests">
<suite id="s1-s1" name="MimiTest" source="/Users/beta/MimiTest/Tests/MimiTest.robot">
<kw name="Begin App Test" library="Common" type="SETUP">
<doc>Mimi hearing test is launched</doc>
<kw name="Open Application" library="AppiumLibrary">
<arg>http://localhost:4723/wd/hub</arg>
<arg>platformName=Android</arg>
<arg>deviceName=emulator-5554</arg>
<arg>appPackage=io.mimi.ht</arg>
<arg>appActivity=io.mimi.ht.SplashScreenActivity</arg>
<arg>automationName=Uiautomator2</arg>
<doc>Opens a new application to given Appium server.
Capabilities of appium server, Android and iOS,
Please check https://github.com/appium/appium/blob/master/docs/en/writing-running-appium/server-args.md
| *Option*            | *Man.* | *Description*     |
| remote_url          | Yes    | Appium server url |
| alias               | no     | alias             |</doc>
<status status="PASS" starttime="20210915 21:41:20.247" endtime="20210915 21:41:25.141"/>
</kw>
<status status="PASS" starttime="20210915 21:41:20.247" endtime="20210915 21:41:25.141"/>
</kw>
<test id="s1-s1-t1" name="User should be able to log and out of their account">
<kw name="User logs in" library="MimiApp">
<kw name="Verify Page Loaded" library="LandingPage">
<kw name="Wait Until Page Contains Element" library="AppiumLibrary">
<arg>${START_PAGE}</arg>
<doc>Waits until element specified with `locator` appears on current page.</doc>
<status status="PASS" starttime="20210915 21:41:25.143" endtime="20210915 21:41:29.050"/>
</kw>
<status status="PASS" starttime="20210915 21:41:25.143" endtime="20210915 21:41:29.051"/>
</kw>
<kw name="Go to Log In Page" library="LoginLogout">
<doc>User is directed to landing page</doc>
<kw name="Wait Until Page Contains Element" library="AppiumLibrary">
<arg>${LOGIN-IN-WITH-MIMI}</arg>
<doc>Waits until element specified with `locator` appears on current page.</doc>
<status status="PASS" starttime="20210915 21:41:29.051" endtime="20210915 21:41:29.071"/>
</kw>
<kw name="Click Element" library="AppiumLibrary">
<arg>${LOGIN-IN-WITH-MIMI}</arg>
<doc>Click element identified by `locator`.</doc>
<msg timestamp="20210915 21:41:29.074" level="INFO">Clicking element 'id=io.mimi.ht:id/alreadyHaveTv'.</msg>
<status status="PASS" starttime="20210915 21:41:29.071" endtime="20210915 21:41:29.140"/>
</kw>
<status status="PASS" starttime="20210915 21:41:29.051" endtime="20210915 21:41:29.141"/>
</kw>
<kw name="Enter Email Address" library="LoginLogout">
<doc>Enter user name</doc>
<kw name="Wait Until Page Contains Element" library="AppiumLibrary">
<arg>${ENTER_EMAIL}</arg>
<doc>Waits until element specified with `locator` appears on current page.</doc>
<status status="PASS" starttime="20210915 21:41:29.142" endtime="20210915 21:41:29.300"/>
</kw>
<kw name="Input Text" library="AppiumLibrary">
<arg>${ENTER_EMAIL}</arg>
<arg>${USERNAME}</arg>
<doc>Types the given `text` into text field identified by `locator`.</doc>
<msg timestamp="20210915 21:41:29.303" level="INFO">Typing text 'your_new_qa@protonmail.com' into text field 'id=io.mimi.ht:id/loginEmail'</msg>
<status status="PASS" starttime="20210915 21:41:29.300" endtime="20210915 21:41:30.691"/>
</kw>
<status status="PASS" starttime="20210915 21:41:29.141" endtime="20210915 21:41:30.692"/>
</kw>
<kw name="Enter Password" library="LoginLogout">
<doc>Enter password</doc>
<kw name="Input Password" library="AppiumLibrary">
<arg>${ENTER_PASSWORD}</arg>
<arg>${PASSWORD}</arg>
<doc>Types the given password into text field identified by `locator`.</doc>
<msg timestamp="20210915 21:41:30.695" level="INFO">Typing password into text field 'id=io.mimi.ht:id/loginPassword'</msg>
<status status="PASS" starttime="20210915 21:41:30.692" endtime="20210915 21:41:31.706"/>
</kw>
<status status="PASS" starttime="20210915 21:41:30.692" endtime="20210915 21:41:31.706"/>
</kw>
<kw name="Press Login Button" library="LoginLogout">
<kw name="Click Element" library="AppiumLibrary">
<arg>${LOGIN_BUTTON}</arg>
<doc>Click element identified by `locator`.</doc>
<msg timestamp="20210915 21:41:31.709" level="INFO">Clicking element 'id=io.mimi.ht:id/loginButton'.</msg>
<status status="PASS" starttime="20210915 21:41:31.707" endtime="20210915 21:41:32.239"/>
</kw>
<status status="PASS" starttime="20210915 21:41:31.706" endtime="20210915 21:41:32.239"/>
</kw>
<kw name="Login Verified" library="LoginLogout">
<kw name="Wait Until Page Contains Element" library="AppiumLibrary">
<arg>//android.widget.TextView[@resource-id='io.mimi.ht:id/pttEnvironmentResultTv' and @text='Silence']</arg>
<doc>Waits until element specified with `locator` appears on current page.</doc>
<status status="PASS" starttime="20210915 21:41:32.240" endtime="20210915 21:41:33.727"/>
</kw>
<status status="PASS" starttime="20210915 21:41:32.240" endtime="20210915 21:41:33.727"/>
</kw>
<status status="PASS" starttime="20210915 21:41:25.142" endtime="20210915 21:41:33.727"/>
</kw>
<kw name="User logs out" library="MimiApp">
<kw name="Log Out" library="LoginLogout">
<kw name="Swipe By Percent" library="AppiumLibrary">
<arg>50</arg>
<arg>99</arg>
<arg>50</arg>
<arg>10</arg>
<arg>1280</arg>
<doc>Swipe from one percent of the screen to another percent, for an optional duration.
Normal swipe fails to scale for different screen resolutions, this can be avoided using percent.</doc>
<status status="PASS" starttime="20210915 21:41:33.729" endtime="20210915 21:41:35.377"/>
</kw>
<kw name="Wait Until Page Contains Element" library="AppiumLibrary">
<arg>id=io.mimi.ht:id/logOutBtn</arg>
<doc>Waits until element specified with `locator` appears on current page.</doc>
<status status="PASS" starttime="20210915 21:41:35.377" endtime="20210915 21:41:35.793"/>
</kw>
<kw name="Click Element" library="AppiumLibrary">
<arg>id=io.mimi.ht:id/logOutBtn</arg>
<doc>Click element identified by `locator`.</doc>
<msg timestamp="20210915 21:41:35.795" level="INFO">Clicking element 'id=io.mimi.ht:id/logOutBtn'.</msg>
<status status="PASS" starttime="20210915 21:41:35.793" endtime="20210915 21:41:36.391"/>
</kw>
<kw name="Wait Until Page Contains Element" library="AppiumLibrary">
<arg>//android.widget.TextView[@resource-id='android:id/message' and @text='This will disable your Hearing ID.']</arg>
<doc>Waits until element specified with `locator` appears on current page.</doc>
<status status="PASS" starttime="20210915 21:41:36.391" endtime="20210915 21:41:36.420"/>
</kw>
<kw name="Click Element" library="AppiumLibrary">
<arg>id=android:id/button1</arg>
<doc>Click element identified by `locator`.</doc>
<msg timestamp="20210915 21:41:36.422" level="INFO">Clicking element 'id=android:id/button1'.</msg>
<status status="PASS" starttime="20210915 21:41:36.420" endtime="20210915 21:41:36.498"/>
</kw>
<status status="PASS" starttime="20210915 21:41:33.728" endtime="20210915 21:41:36.498"/>
</kw>
<status status="PASS" starttime="20210915 21:41:33.728" endtime="20210915 21:41:36.498"/>
</kw>
<doc>Checks that user data is stored and is valid</doc>
<tag>Current</tag>
<status status="PASS" starttime="20210915 21:41:25.141" endtime="20210915 21:41:36.499"/>
</test>
<test id="s1-s1-t2" name="User should not be able to log into their account if incorrect credentials are provided">
<kw name="Check if user logs in with incorrect password" library="MimiApp">
<kw name="Verify Page Loaded" library="LandingPage">
<kw name="Wait Until Page Contains Element" library="AppiumLibrary">
<arg>${START_PAGE}</arg>
<doc>Waits until element specified with `locator` appears on current page.</doc>
<status status="PASS" starttime="20210915 21:41:36.502" endtime="20210915 21:41:36.645"/>
</kw>
<status status="PASS" starttime="20210915 21:41:36.502" endtime="20210915 21:41:36.645"/>
</kw>
<kw name="Go to Log In Page" library="LoginLogout">
<doc>User is directed to landing page</doc>
<kw name="Wait Until Page Contains Element" library="AppiumLibrary">
<arg>${LOGIN-IN-WITH-MIMI}</arg>
<doc>Waits until element specified with `locator` appears on current page.</doc>
<status status="PASS" starttime="20210915 21:41:36.646" endtime="20210915 21:41:37.121"/>
</kw>
<kw name="Click Element" library="AppiumLibrary">
<arg>${LOGIN-IN-WITH-MIMI}</arg>
<doc>Click element identified by `locator`.</doc>
<msg timestamp="20210915 21:41:37.124" level="INFO">Clicking element 'id=io.mimi.ht:id/alreadyHaveTv'.</msg>
<status status="PASS" starttime="20210915 21:41:37.121" endtime="20210915 21:41:37.210"/>
</kw>
<status status="PASS" starttime="20210915 21:41:36.646" endtime="20210915 21:41:37.210"/>
</kw>
<kw name="Enter Email Address" library="LoginLogout">
<doc>Enter user name</doc>
<kw name="Wait Until Page Contains Element" library="AppiumLibrary">
<arg>${ENTER_EMAIL}</arg>
<doc>Waits until element specified with `locator` appears on current page.</doc>
<status status="PASS" starttime="20210915 21:41:37.211" endtime="20210915 21:41:37.353"/>
</kw>
<kw name="Input Text" library="AppiumLibrary">
<arg>${ENTER_EMAIL}</arg>
<arg>${USERNAME}</arg>
<doc>Types the given `text` into text field identified by `locator`.</doc>
<msg timestamp="20210915 21:41:37.356" level="INFO">Typing text 'your_new_qa@protonmail.com' into text field 'id=io.mimi.ht:id/loginEmail'</msg>
<status status="PASS" starttime="20210915 21:41:37.354" endtime="20210915 21:41:38.729"/>
</kw>
<status status="PASS" starttime="20210915 21:41:37.210" endtime="20210915 21:41:38.729"/>
</kw>
<kw name="Login with incorrect password" library="LoginLogout">
<kw name="Input Password" library="AppiumLibrary">
<arg>${ENTER_PASSWORD}</arg>
<arg>${INCORRECT_PASSWORD}</arg>
<doc>Types the given password into text field identified by `locator`.</doc>
<msg timestamp="20210915 21:41:38.732" level="INFO">Typing password into text field 'id=io.mimi.ht:id/loginPassword'</msg>
<status status="PASS" starttime="20210915 21:41:38.730" endtime="20210915 21:41:39.277"/>
</kw>
<status status="PASS" starttime="20210915 21:41:38.730" endtime="20210915 21:41:39.277"/>
</kw>
<kw name="Press Login Button" library="LoginLogout">
<kw name="Click Element" library="AppiumLibrary">
<arg>${LOGIN_BUTTON}</arg>
<doc>Click element identified by `locator`.</doc>
<msg timestamp="20210915 21:41:39.281" level="INFO">Clicking element 'id=io.mimi.ht:id/loginButton'.</msg>
<status status="PASS" starttime="20210915 21:41:39.278" endtime="20210915 21:41:39.825"/>
</kw>
<status status="PASS" starttime="20210915 21:41:39.278" endtime="20210915 21:41:39.825"/>
</kw>
<kw name="Verify Incorrect Password" library="LoginLogout">
<kw name="Wait Until Page Contains Element" library="AppiumLibrary">
<arg>//android.widget.TextView[@resource-id='io.mimi.ht:id/headerErrorTv' and @text='Your email or password is incorrect.']</arg>
<doc>Waits until element specified with `locator` appears on current page.</doc>
<status status="PASS" starttime="20210915 21:41:39.826" endtime="20210915 21:41:40.647"/>
</kw>
<status status="PASS" starttime="20210915 21:41:39.825" endtime="20210915 21:41:40.648"/>
</kw>
<kw name="Clear Field" library="LoginLogout">
<kw name="Clear Text" library="AppiumLibrary">
<arg>${ENTER_PASSWORD}</arg>
<doc>Clears the text field identified by `locator`.</doc>
<msg timestamp="20210915 21:41:40.651" level="INFO">Clear text field 'id=io.mimi.ht:id/loginPassword'</msg>
<status status="PASS" starttime="20210915 21:41:40.648" endtime="20210915 21:41:40.683"/>
</kw>
<kw name="Go Back" library="AppiumLibrary">
<doc>Goes one step backward in the browser history.</doc>
<status status="PASS" starttime="20210915 21:41:40.684" endtime="20210915 21:41:41.939"/>
</kw>
<status status="PASS" starttime="20210915 21:41:40.648" endtime="20210915 21:41:41.939"/>
</kw>
<status status="PASS" starttime="20210915 21:41:36.501" endtime="20210915 21:41:41.939"/>
</kw>
<doc>Checks that invalid credentials wont grant access</doc>
<tag>Current</tag>
<status status="PASS" starttime="20210915 21:41:36.499" endtime="20210915 21:41:41.939"/>
</test>
<test id="s1-s1-t3" name="User should be able to view, rename and export their Audiogram">
<kw name="User logs in" library="MimiApp">
<kw name="Verify Page Loaded" library="LandingPage">
<kw name="Wait Until Page Contains Element" library="AppiumLibrary">
<arg>${START_PAGE}</arg>
<doc>Waits until element specified with `locator` appears on current page.</doc>
<status status="PASS" starttime="20210915 21:41:41.941" endtime="20210915 21:41:41.967"/>
</kw>
<status status="PASS" starttime="20210915 21:41:41.941" endtime="20210915 21:41:41.967"/>
</kw>
<kw name="Go to Log In Page" library="LoginLogout">
<doc>User is directed to landing page</doc>
<kw name="Wait Until Page Contains Element" library="AppiumLibrary">
<arg>${LOGIN-IN-WITH-MIMI}</arg>
<doc>Waits until element specified with `locator` appears on current page.</doc>
<status status="PASS" starttime="20210915 21:41:41.968" endtime="20210915 21:41:41.982"/>
</kw>
<kw name="Click Element" library="AppiumLibrary">
<arg>${LOGIN-IN-WITH-MIMI}</arg>
<doc>Click element identified by `locator`.</doc>
<msg timestamp="20210915 21:41:41.984" level="INFO">Clicking element 'id=io.mimi.ht:id/alreadyHaveTv'.</msg>
<status status="PASS" starttime="20210915 21:41:41.982" endtime="20210915 21:41:42.041"/>
</kw>
<status status="PASS" starttime="20210915 21:41:41.967" endtime="20210915 21:41:42.042"/>
</kw>
<kw name="Enter Email Address" library="LoginLogout">
<doc>Enter user name</doc>
<kw name="Wait Until Page Contains Element" library="AppiumLibrary">
<arg>${ENTER_EMAIL}</arg>
<doc>Waits until element specified with `locator` appears on current page.</doc>
<status status="PASS" starttime="20210915 21:41:42.043" endtime="20210915 21:41:42.980"/>
</kw>
<kw name="Input Text" library="AppiumLibrary">
<arg>${ENTER_EMAIL}</arg>
<arg>${USERNAME}</arg>
<doc>Types the given `text` into text field identified by `locator`.</doc>
<msg timestamp="20210915 21:41:42.982" level="INFO">Typing text 'your_new_qa@protonmail.com' into text field 'id=io.mimi.ht:id/loginEmail'</msg>
<status status="PASS" starttime="20210915 21:41:42.980" endtime="20210915 21:41:44.140"/>
</kw>
<status status="PASS" starttime="20210915 21:41:42.042" endtime="20210915 21:41:44.140"/>
</kw>
<kw name="Enter Password" library="LoginLogout">
<doc>Enter password</doc>
<kw name="Input Password" library="AppiumLibrary">
<arg>${ENTER_PASSWORD}</arg>
<arg>${PASSWORD}</arg>
<doc>Types the given password into text field identified by `locator`.</doc>
<msg timestamp="20210915 21:41:44.143" level="INFO">Typing password into text field 'id=io.mimi.ht:id/loginPassword'</msg>
<status status="PASS" starttime="20210915 21:41:44.140" endtime="20210915 21:41:44.658"/>
</kw>
<status status="PASS" starttime="20210915 21:41:44.140" endtime="20210915 21:41:44.658"/>
</kw>
<kw name="Press Login Button" library="LoginLogout">
<kw name="Click Element" library="AppiumLibrary">
<arg>${LOGIN_BUTTON}</arg>
<doc>Click element identified by `locator`.</doc>
<msg timestamp="20210915 21:41:44.661" level="INFO">Clicking element 'id=io.mimi.ht:id/loginButton'.</msg>
<status status="PASS" starttime="20210915 21:41:44.659" endtime="20210915 21:41:45.209"/>
</kw>
<status status="PASS" starttime="20210915 21:41:44.658" endtime="20210915 21:41:45.210"/>
</kw>
<kw name="Login Verified" library="LoginLogout">
<kw name="Wait Until Page Contains Element" library="AppiumLibrary">
<arg>//android.widget.TextView[@resource-id='io.mimi.ht:id/pttEnvironmentResultTv' and @text='Silence']</arg>
<doc>Waits until element specified with `locator` appears on current page.</doc>
<status status="PASS" starttime="20210915 21:41:45.210" endtime="20210915 21:41:46.220"/>
</kw>
<status status="PASS" starttime="20210915 21:41:45.210" endtime="20210915 21:41:46.220"/>
</kw>
<status status="PASS" starttime="20210915 21:41:41.940" endtime="20210915 21:41:46.220"/>
</kw>
<kw name="Checks if user can rename and export the Audiogram" library="MimiApp">
<kw name="View Metrics Of Your Hearing In Silence" library="Audiogram">
<doc>View Audiogram results from a silent hearing test</doc>
<kw name="Wait Until Page Contains Element" library="AppiumLibrary">
<arg>//android.widget.TextView[@resource-id='io.mimi.ht:id/pttEnvironmentResultTv' and @text='Silence']</arg>
<doc>Waits until element specified with `locator` appears on current page.</doc>
<status status="PASS" starttime="20210915 21:41:46.221" endtime="20210915 21:41:46.259"/>
</kw>
<kw name="Click Element" library="AppiumLibrary">
<arg>//android.widget.TextView[@resource-id='io.mimi.ht:id/_title' and @text='Your hearing in silence']</arg>
<doc>Click element identified by `locator`.</doc>
<msg timestamp="20210915 21:41:46.261" level="INFO">Clicking element '//android.widget.TextView[@resource-id='io.mimi.ht:id/_title' and @text='Your hearing in silence']'.</msg>
<status status="PASS" starttime="20210915 21:41:46.259" endtime="20210915 21:41:46.345"/>
</kw>
<kw name="Wait Until Page Contains Element" library="AppiumLibrary">
<arg>id=io.mimi.ht:id/audiogramTitleTv</arg>
<doc>Waits until element specified with `locator` appears on current page.</doc>
<status status="PASS" starttime="20210915 21:41:46.345" endtime="20210915 21:41:46.748"/>
</kw>
<status status="PASS" starttime="20210915 21:41:46.221" endtime="20210915 21:41:46.748"/>
</kw>
<kw name="Rename and Share Personalized Data" library="Audiogram">
<doc>Prompts naming of the personal audiogram data with sharing capabilities</doc>
<kw name="Wait Until Page Contains Element" library="AppiumLibrary">
<arg>//android.widget.ImageView[@resource-id='io.mimi.ht:id/actionExport']</arg>
<doc>Waits until element specified with `locator` appears on current page.</doc>
<status status="PASS" starttime="20210915 21:41:46.749" endtime="20210915 21:41:47.494"/>
</kw>
<kw name="Click Element" library="AppiumLibrary">
<arg>id=io.mimi.ht:id/actionExport</arg>
<doc>Click element identified by `locator`.</doc>
<msg timestamp="20210915 21:41:47.496" level="INFO">Clicking element 'id=io.mimi.ht:id/actionExport'.</msg>
<status status="PASS" starttime="20210915 21:41:47.494" endtime="20210915 21:41:47.571"/>
</kw>
<kw name="Wait Until Page Contains Element" library="AppiumLibrary">
<arg>io.mimi.ht:id/titleTV</arg>
<doc>Waits until element specified with `locator` appears on current page.</doc>
<status status="PASS" starttime="20210915 21:41:47.571" endtime="20210915 21:41:47.668"/>
</kw>
<kw name="Input Text" library="AppiumLibrary">
<arg>id=io.mimi.ht:id/name</arg>
<arg>${NAME_HEARING_TEST}</arg>
<doc>Types the given `text` into text field identified by `locator`.</doc>
<msg timestamp="20210915 21:41:47.671" level="INFO">Typing text 'EarsForFears' into text field 'id=io.mimi.ht:id/name'</msg>
<status status="PASS" starttime="20210915 21:41:47.668" endtime="20210915 21:41:48.791"/>
</kw>
<kw name="Click Element" library="AppiumLibrary">
<arg>id=io.mimi.ht:id/nextBtn</arg>
<doc>Click element identified by `locator`.</doc>
<msg timestamp="20210915 21:41:48.794" level="INFO">Clicking element 'id=io.mimi.ht:id/nextBtn'.</msg>
<status status="PASS" starttime="20210915 21:41:48.791" endtime="20210915 21:41:49.325"/>
</kw>
<kw name="Wait Until Page Contains Element" library="AppiumLibrary">
<arg>//android.widget.TextView[@resource-id='android:id/title']</arg>
<doc>Waits until element specified with `locator` appears on current page.</doc>
<status status="PASS" starttime="20210915 21:41:49.326" endtime="20210915 21:41:52.811"/>
</kw>
<kw name="Swipe By Percent" library="AppiumLibrary">
<arg>50</arg>
<arg>10</arg>
<arg>50</arg>
<arg>10</arg>
<arg>2000</arg>
<doc>Swipe from one percent of the screen to another percent, for an optional duration.
Normal swipe fails to scale for different screen resolutions, this can be avoided using percent.</doc>
<status status="PASS" starttime="20210915 21:41:52.811" endtime="20210915 21:41:54.893"/>
</kw>
<kw name="Wait Until Page Contains Element" library="AppiumLibrary">
<arg>//android.widget.TextView[@resource-id='io.mimi.ht:id/audiogramTitleTv' and @text='Audiogram']</arg>
<doc>Waits until element specified with `locator` appears on current page.</doc>
<status status="PASS" starttime="20210915 21:41:54.893" endtime="20210915 21:41:54.939"/>
</kw>
<kw name="Click Element" library="AppiumLibrary">
<arg>id=io.mimi.ht:id/closeBtn</arg>
<doc>Click element identified by `locator`.</doc>
<msg timestamp="20210915 21:41:54.942" level="INFO">Clicking element 'id=io.mimi.ht:id/closeBtn'.</msg>
<status status="PASS" starttime="20210915 21:41:54.939" endtime="20210915 21:41:55.008"/>
</kw>
<kw name="Wait Until Page Contains Element" library="AppiumLibrary">
<arg>//android.widget.TextView[@resource-id='io.mimi.ht:id/_title']</arg>
<doc>Waits until element specified with `locator` appears on current page.</doc>
<status status="PASS" starttime="20210915 21:41:55.009" endtime="20210915 21:41:55.292"/>
</kw>
<status status="PASS" starttime="20210915 21:41:46.748" endtime="20210915 21:41:55.292"/>
</kw>
<status status="PASS" starttime="20210915 21:41:46.220" endtime="20210915 21:41:55.293"/>
</kw>
<doc>Checks that user can see audiogram profile</doc>
<tag>Smoke</tag>
<status status="PASS" starttime="20210915 21:41:41.940" endtime="20210915 21:41:55.293"/>
</test>
<test id="s1-s1-t4" name="User should be able manage their accounts">
<kw name="Checks if user can manage mimi account" library="MimiApp">
<kw name="Checks if user can manage account and export JSON data" library="MimiAccount">
<tag>Smoke</tag>
<kw name="Swipe By Percent" library="AppiumLibrary">
<arg>50</arg>
<arg>99</arg>
<arg>50</arg>
<arg>10</arg>
<arg>2000</arg>
<doc>Swipe from one percent of the screen to another percent, for an optional duration.
Normal swipe fails to scale for different screen resolutions, this can be avoided using percent.</doc>
<status status="PASS" starttime="20210915 21:41:55.295" endtime="20210915 21:41:57.111"/>
</kw>
<kw name="Wait Until Page Contains Element" library="AppiumLibrary">
<arg>//android.widget.TextView[@resource-id='io.mimi.ht:id/_title' and @text='Your Mimi account']</arg>
<doc>Waits until element specified with `locator` appears on current page.</doc>
<status status="PASS" starttime="20210915 21:41:57.112" endtime="20210915 21:41:57.322"/>
</kw>
<kw name="Wait Until Page Contains Element" library="AppiumLibrary">
<arg>//android.widget.Button[@resource-id='io.mimi.ht:id/manageAccountBtn' and @text='Manage account']</arg>
<doc>Waits until element specified with `locator` appears on current page.</doc>
<status status="PASS" starttime="20210915 21:41:57.322" endtime="20210915 21:41:57.355"/>
</kw>
<kw name="Click Element" library="AppiumLibrary">
<arg>//android.widget.Button[@resource-id='io.mimi.ht:id/manageAccountBtn' and @text='Manage account']</arg>
<doc>Click element identified by `locator`.</doc>
<msg timestamp="20210915 21:41:57.357" level="INFO">Clicking element '//android.widget.Button[@resource-id='io.mimi.ht:id/manageAccountBtn' and @text='Manage account']'.</msg>
<status status="PASS" starttime="20210915 21:41:57.355" endtime="20210915 21:41:57.442"/>
</kw>
<kw name="Swipe By Percent" library="AppiumLibrary">
<arg>50</arg>
<arg>99</arg>
<arg>50</arg>
<arg>10</arg>
<arg>1280</arg>
<doc>Swipe from one percent of the screen to another percent, for an optional duration.
Normal swipe fails to scale for different screen resolutions, this can be avoided using percent.</doc>
<status status="PASS" starttime="20210915 21:41:57.442" endtime="20210915 21:41:59.396"/>
</kw>
<kw name="Wait Until Page Contains Element" library="AppiumLibrary">
<arg>//android.widget.Button[@text='Manage my account']</arg>
<doc>Waits until element specified with `locator` appears on current page.</doc>
<status status="PASS" starttime="20210915 21:41:59.396" endtime="20210915 21:41:59.677"/>
</kw>
<kw name="Click Element" library="AppiumLibrary">
<arg>//android.widget.Button[@text='Manage my account']</arg>
<doc>Click element identified by `locator`.</doc>
<msg timestamp="20210915 21:41:59.680" level="INFO">Clicking element '//android.widget.Button[@text='Manage my account']'.</msg>
<status status="PASS" starttime="20210915 21:41:59.677" endtime="20210915 21:41:59.757"/>
</kw>
<kw name="Wait Until Page Contains Element" library="AppiumLibrary">
<arg>//android.view.View[@text='Export all my data']</arg>
<doc>Waits until element specified with `locator` appears on current page.</doc>
<status status="PASS" starttime="20210915 21:41:59.758" endtime="20210915 21:41:59.834"/>
</kw>
<kw name="Click Element" library="AppiumLibrary">
<arg>//android.view.View[@text='Export all my data']</arg>
<doc>Click element identified by `locator`.</doc>
<msg timestamp="20210915 21:41:59.843" level="INFO">Clicking element '//android.view.View[@text='Export all my data']'.</msg>
<status status="PASS" starttime="20210915 21:41:59.835" endtime="20210915 21:42:00.473"/>
</kw>
<kw name="Wait Until Page Contains Element" library="AppiumLibrary">
<arg>//android.widget.Button[@text='Export']</arg>
<doc>Waits until element specified with `locator` appears on current page.</doc>
<status status="PASS" starttime="20210915 21:42:00.474" endtime="20210915 21:42:01.397"/>
</kw>
<kw name="Click Element" library="AppiumLibrary">
<arg>//android.widget.Button[@text='Export']</arg>
<doc>Click element identified by `locator`.</doc>
<msg timestamp="20210915 21:42:01.399" level="INFO">Clicking element '//android.widget.Button[@text='Export']'.</msg>
<status status="PASS" starttime="20210915 21:42:01.397" endtime="20210915 21:42:01.491"/>
</kw>
<kw name="Wait Until Page Contains Element" library="AppiumLibrary">
<arg>//android.view.View[@resource-id='data-export--title' and 'Export all my data']</arg>
<doc>Waits until element specified with `locator` appears on current page.</doc>
<status status="PASS" starttime="20210915 21:42:01.491" endtime="20210915 21:42:02.889"/>
</kw>
<kw name="Go Back" library="AppiumLibrary">
<doc>Goes one step backward in the browser history.</doc>
<status status="PASS" starttime="20210915 21:42:02.889" endtime="20210915 21:42:02.947"/>
</kw>
<kw name="Go Back" library="AppiumLibrary">
<doc>Goes one step backward in the browser history.</doc>
<status status="PASS" starttime="20210915 21:42:02.947" endtime="20210915 21:42:04.140"/>
</kw>
<status status="PASS" starttime="20210915 21:41:55.294" endtime="20210915 21:42:04.141"/>
</kw>
<status status="PASS" starttime="20210915 21:41:55.294" endtime="20210915 21:42:04.141"/>
</kw>
<doc>Checks that user can see audiogram profile</doc>
<tag>Smoke</tag>
<status status="PASS" starttime="20210915 21:41:55.293" endtime="20210915 21:42:04.141"/>
</test>
<test id="s1-s1-t5" name="User should be able to update and retake hearing test">
<kw name="Checks if user can Update Hearing ID" library="MimiApp">
<kw name="Update Hearing ID" library="HearingID">
<doc>Navigating to the Keep your Hearing ID up-to-date frame layout</doc>
<kw name="Wait Until Page Contains Element" library="AppiumLibrary">
<arg>//android.widget.TextView[@resource-id='io.mimi.ht:id/_title' and @text='Keep your Hearing ID up-to-date']</arg>
<doc>Waits until element specified with `locator` appears on current page.</doc>
<status status="PASS" starttime="20210915 21:42:04.144" endtime="20210915 21:42:04.730"/>
</kw>
<kw name="Wait Until Page Contains Element" library="AppiumLibrary">
<arg>${TEST_YOUR_EARS_AGAIN}</arg>
<doc>Waits until element specified with `locator` appears on current page.</doc>
<status status="PASS" starttime="20210915 21:42:04.731" endtime="20210915 21:42:04.761"/>
</kw>
<status status="PASS" starttime="20210915 21:42:04.143" endtime="20210915 21:42:04.761"/>
</kw>
<kw name="Retake Hearing Test" library="HearingID">
<doc>Test your ears again</doc>
<kw name="Click Element" library="AppiumLibrary">
<arg>${TEST_YOUR_EARS_AGAIN}</arg>
<doc>Click element identified by `locator`.</doc>
<msg timestamp="20210915 21:42:04.764" level="INFO">Clicking element '//android.widget.Button[@resource-id='io.mimi.ht:id/renewTestBtn' and @text='Test your ears again']'.</msg>
<status status="PASS" starttime="20210915 21:42:04.762" endtime="20210915 21:42:04.841"/>
</kw>
<kw name="Wait Until Page Contains Element" library="AppiumLibrary">
<arg>//android.widget.TextView[@resource-id='io.mimi.ht:id/titleTextView' and @text='Find a quiet place']</arg>
<doc>Waits until element specified with `locator` appears on current page.</doc>
<status status="PASS" starttime="20210915 21:42:04.841" endtime="20210915 21:42:05.624"/>
</kw>
<kw name="Click Element" library="AppiumLibrary">
<arg>//android.widget.Button[@resource-id='io.mimi.ht:id/buttonNext' and @text='OK']</arg>
<doc>Click element identified by `locator`.</doc>
<msg timestamp="20210915 21:42:05.627" level="INFO">Clicking element '//android.widget.Button[@resource-id='io.mimi.ht:id/buttonNext' and @text='OK']'.</msg>
<status status="PASS" starttime="20210915 21:42:05.624" endtime="20210915 21:42:05.689"/>
</kw>
<kw name="Wait Until Page Contains Element" library="AppiumLibrary">
<arg>//android.widget.TextView[@resource-id='io.mimi.ht:id/titleTextView' and @text='Connect your headphones to your device']</arg>
<doc>Waits until element specified with `locator` appears on current page.</doc>
<status status="PASS" starttime="20210915 21:42:05.689" endtime="20210915 21:42:05.726"/>
</kw>
<kw name="Click Element" library="AppiumLibrary">
<arg>//android.widget.ImageButton</arg>
<doc>Click element identified by `locator`.</doc>
<msg timestamp="20210915 21:42:05.729" level="INFO">Clicking element '//android.widget.ImageButton'.</msg>
<status status="PASS" starttime="20210915 21:42:05.726" endtime="20210915 21:42:06.376"/>
</kw>
<kw name="Wait Until Page Contains Element" library="AppiumLibrary">
<arg>//android.widget.TextView[@resource-id='io.mimi.ht:id/titleTextView' and @text='Find a quiet place']</arg>
<doc>Waits until element specified with `locator` appears on current page.</doc>
<status status="PASS" starttime="20210915 21:42:06.376" endtime="20210915 21:42:06.405"/>
</kw>
<kw name="Click Element" library="AppiumLibrary">
<arg>//android.widget.ImageButton</arg>
<doc>Click element identified by `locator`.</doc>
<msg timestamp="20210915 21:42:06.408" level="INFO">Clicking element '//android.widget.ImageButton'.</msg>
<status status="PASS" starttime="20210915 21:42:06.405" endtime="20210915 21:42:07.024"/>
</kw>
<status status="PASS" starttime="20210915 21:42:04.761" endtime="20210915 21:42:07.025"/>
</kw>
<status status="PASS" starttime="20210915 21:42:04.143" endtime="20210915 21:42:07.025"/>
</kw>
<doc>Check that Hearing Id can be updatedi</doc>
<tag>Smoke</tag>
<status status="PASS" starttime="20210915 21:42:04.142" endtime="20210915 21:42:07.025"/>
</test>
<test id="s1-s1-t6" name="User Logs Out">
<kw name="User logs out" library="MimiApp">
<kw name="Log Out" library="LoginLogout">
<kw name="Swipe By Percent" library="AppiumLibrary">
<arg>50</arg>
<arg>99</arg>
<arg>50</arg>
<arg>10</arg>
<arg>1280</arg>
<doc>Swipe from one percent of the screen to another percent, for an optional duration.
Normal swipe fails to scale for different screen resolutions, this can be avoided using percent.</doc>
<status status="PASS" starttime="20210915 21:42:07.028" endtime="20210915 21:42:09.109"/>
</kw>
<kw name="Wait Until Page Contains Element" library="AppiumLibrary">
<arg>id=io.mimi.ht:id/logOutBtn</arg>
<doc>Waits until element specified with `locator` appears on current page.</doc>
<status status="PASS" starttime="20210915 21:42:09.109" endtime="20210915 21:42:09.131"/>
</kw>
<kw name="Click Element" library="AppiumLibrary">
<arg>id=io.mimi.ht:id/logOutBtn</arg>
<doc>Click element identified by `locator`.</doc>
<msg timestamp="20210915 21:42:09.133" level="INFO">Clicking element 'id=io.mimi.ht:id/logOutBtn'.</msg>
<status status="PASS" starttime="20210915 21:42:09.131" endtime="20210915 21:42:09.843"/>
</kw>
<kw name="Wait Until Page Contains Element" library="AppiumLibrary">
<arg>//android.widget.TextView[@resource-id='android:id/message' and @text='This will disable your Hearing ID.']</arg>
<doc>Waits until element specified with `locator` appears on current page.</doc>
<status status="PASS" starttime="20210915 21:42:09.844" endtime="20210915 21:42:09.866"/>
</kw>
<kw name="Click Element" library="AppiumLibrary">
<arg>id=android:id/button1</arg>
<doc>Click element identified by `locator`.</doc>
<msg timestamp="20210915 21:42:09.868" level="INFO">Clicking element 'id=android:id/button1'.</msg>
<status status="PASS" starttime="20210915 21:42:09.866" endtime="20210915 21:42:09.923"/>
</kw>
<status status="PASS" starttime="20210915 21:42:07.028" endtime="20210915 21:42:09.923"/>
</kw>
<status status="PASS" starttime="20210915 21:42:07.027" endtime="20210915 21:42:09.924"/>
</kw>
<status status="PASS" starttime="20210915 21:42:07.026" endtime="20210915 21:42:09.924"/>
</test>
<kw name="End App Test" library="Common" type="TEARDOWN">
<doc>Ends test</doc>
<kw name="Close Application" library="AppiumLibrary">
<doc>Closes the current application and also close webdriver session.</doc>
<status status="PASS" starttime="20210915 21:42:09.926" endtime="20210915 21:42:10.359"/>
</kw>
<status status="PASS" starttime="20210915 21:42:09.926" endtime="20210915 21:42:10.359"/>
</kw>
<doc>This is a functional test suite for Mimi Hearning Technology</doc>
<status status="PASS" starttime="20210915 21:41:19.955" endtime="20210915 21:42:10.359"/>
</suite>
<status status="PASS" starttime="20210915 21:41:19.919" endtime="20210915 21:42:10.364"/>
</suite>
<statistics>
<total>
<stat pass="6" fail="0" skip="0">All Tests</stat>
</total>
<tag>
<stat pass="2" fail="0" skip="0">Current</stat>
<stat pass="3" fail="0" skip="0">Smoke</stat>
</tag>
<suite>
<stat pass="6" fail="0" skip="0" id="s1" name="Full Regression">Full Regression</stat>
<stat pass="6" fail="0" skip="0" id="s1-s1" name="MimiTest">Full Regression.MimiTest</stat>
</suite>
</statistics>
<errors>
</errors>
</robot>
